0 info it worked if it ends with ok
1 verbose cli [ '/opt/boxen/nodenv/versions/v0.10.5/bin/node',
1 verbose cli   '/opt/boxen/nodenv/versions/v0.10.5/bin/npm',
1 verbose cli   'install' ]
2 info using npm@1.2.18
3 info using node@v0.10.5
4 verbose read json /Users/bkeown/Dropbox/code/github.com/likwid/gsati-core/package.json
5 error install Couldn't read dependencies
6 error Error: ENOENT, open '/Users/bkeown/Dropbox/code/github.com/likwid/gsati-core/package.json'
7 error If you need help, you may report this log at:
7 error     <http://github.com/isaacs/npm/issues>
7 error or email it to:
7 error     <npm-@googlegroups.com>
8 error System Darwin 13.1.0
9 error command "/opt/boxen/nodenv/versions/v0.10.5/bin/node" "/opt/boxen/nodenv/versions/v0.10.5/bin/npm" "install"
10 error cwd /Users/bkeown/Dropbox/code/github.com/likwid/gsati-core
11 error node -v v0.10.5
12 error npm -v 1.2.18
13 error path /Users/bkeown/Dropbox/code/github.com/likwid/gsati-core/package.json
14 error code ENOENT
15 error errno 34
16 verbose exit [ 34, true ]
